  main.cpp
c:\users\пылесос\desktop\кп\tetris\tetris\main.cpp(23): warning C4305: инициализация: усечение из "double" в "float"
c:\users\пылесос\desktop\кп\tetris\tetris\main.cpp(64): warning C4244: аргумент: преобразование "int" в "float", возможна потеря данных
c:\users\пылесос\desktop\кп\tetris\tetris\main.cpp(65): warning C4244: аргумент: преобразование "int" в "float", возможна потеря данных
c:\users\пылесос\desktop\кп\tetris\tetris\main.cpp(68): warning C4244: аргумент: преобразование "int" в "float", возможна потеря данных
c:\users\пылесос\desktop\кп\tetris\tetris\main.cpp(69): warning C4244: аргумент: преобразование "int" в "float", возможна потеря данных
c:\users\пылесос\desktop\кп\tetris\tetris\main.cpp(70): warning C4244: аргумент: преобразование "int" в "float", возможна потеря данных
c:\users\пылесос\desktop\кп\tetris\tetris\main.cpp(71): warning C4244: аргумент: преобразование "int" в "float", возможна потеря данных
c:\users\пылесос\desktop\кп\tetris\tetris\main.cpp(85): warning C4244: аргумент: преобразование "int" в "float", возможна потеря данных
c:\users\пылесос\desktop\кп\tetris\tetris\main.cpp(87): warning C4244: аргумент: преобразование "int" в "float", возможна потеря данных
c:\users\пылесос\desktop\кп\tetris\tetris\main.cpp(89): warning C4244: аргумент: преобразование "int" в "float", возможна потеря данных
c:\users\пылесос\desktop\кп\tetris\tetris\main.cpp(128): warning C4244: =: преобразование "float" в "int", возможна потеря данных
c:\users\пылесос\desktop\кп\tetris\tetris\main.cpp(176): warning C4305: =: усечение из "double" в "float"
c:\users\пылесос\desktop\кп\tetris\tetris\main.cpp(254): warning C4244: аргумент: преобразование "int" в "float", возможна потеря данных
c:\users\пылесос\desktop\кп\tetris\tetris\main.cpp(264): warning C4244: аргумент: преобразование "int" в "float", возможна потеря данных
c:\users\пылесос\desktop\кп\tetris\tetris\main.cpp(268): warning C4244: аргумент: преобразование "int" в "float", возможна потеря данных
c:\users\пылесос\desktop\кп\tetris\tetris\main.cpp(293): warning C4244: аргумент: преобразование "int" в "float", возможна потеря данных
c:\users\пылесос\desktop\кп\tetris\tetris\main.cpp(294): warning C4244: аргумент: преобразование "int" в "float", возможна потеря данных
c:\users\пылесос\desktop\кп\tetris\tetris\main.cpp(295): warning C4244: аргумент: преобразование "int" в "float", возможна потеря данных
c:\users\пылесос\desktop\кп\tetris\tetris\main.cpp(361): warning C4244: аргумент: преобразование "int" в "float", возможна потеря данных
c:\users\пылесос\desktop\кп\tetris\tetris\main.cpp(362): warning C4244: аргумент: преобразование "int" в "float", возможна потеря данных
c:\users\пылесос\desktop\кп\tetris\tetris\main.cpp(363): warning C4244: аргумент: преобразование "int" в "float", возможна потеря данных
c:\users\пылесос\desktop\кп\tetris\tetris\main.cpp(392): warning C4305: =: усечение из "double" в "float"
c:\users\пылесос\desktop\кп\tetris\tetris\main.cpp(400): warning C4305: =: усечение из "double" в "float"
c:\users\пылесос\desktop\кп\tetris\tetris\main.cpp(407): warning C4305: =: усечение из "double" в "float"
  tetris.vcxproj -> C:\Users\Пылесос\Desktop\кп\tetris\Debug\tetris.exe
