  main.cpp
c:\users\пылесос\desktop\кп\tetris\tetris\main.cpp(24): warning C4305: инициализация: усечение из "double" в "float"
c:\users\пылесос\desktop\кп\tetris\tetris\main.cpp(65): warning C4244: аргумент: преобразование "int" в "float", возможна потеря данных
c:\users\пылесос\desktop\кп\tetris\tetris\main.cpp(66): warning C4244: аргумент: преобразование "int" в "float", возможна потеря данных
c:\users\пылесос\desktop\кп\tetris\tetris\main.cpp(69): warning C4244: аргумент: преобразование "int" в "float", возможна потеря данных
c:\users\пылесос\desktop\кп\tetris\tetris\main.cpp(70): warning C4244: аргумент: преобразование "int" в "float", возможна потеря данных
c:\users\пылесос\desktop\кп\tetris\tetris\main.cpp(71): warning C4244: аргумент: преобразование "int" в "float", возможна потеря данных
c:\users\пылесос\desktop\кп\tetris\tetris\main.cpp(72): warning C4244: аргумент: преобразование "int" в "float", возможна потеря данных
c:\users\пылесос\desktop\кп\tetris\tetris\main.cpp(86): warning C4244: аргумент: преобразование "int" в "float", возможна потеря данных
c:\users\пылесос\desktop\кп\tetris\tetris\main.cpp(88): warning C4244: аргумент: преобразование "int" в "float", возможна потеря данных
c:\users\пылесос\desktop\кп\tetris\tetris\main.cpp(90): warning C4244: аргумент: преобразование "int" в "float", возможна потеря данных
c:\users\пылесос\desktop\кп\tetris\tetris\main.cpp(129): warning C4244: =: преобразование "float" в "int", возможна потеря данных
c:\users\пылесос\desktop\кп\tetris\tetris\main.cpp(177): warning C4305: =: усечение из "double" в "float"
c:\users\пылесос\desktop\кп\tetris\tetris\main.cpp(255): warning C4244: аргумент: преобразование "int" в "float", возможна потеря данных
c:\users\пылесос\desktop\кп\tetris\tetris\main.cpp(265): warning C4244: аргумент: преобразование "int" в "float", возможна потеря данных
c:\users\пылесос\desktop\кп\tetris\tetris\main.cpp(269): warning C4244: аргумент: преобразование "int" в "float", возможна потеря данных
c:\users\пылесос\desktop\кп\tetris\tetris\main.cpp(294): warning C4244: аргумент: преобразование "int" в "float", возможна потеря данных
c:\users\пылесос\desktop\кп\tetris\tetris\main.cpp(295): warning C4244: аргумент: преобразование "int" в "float", возможна потеря данных
c:\users\пылесос\desktop\кп\tetris\tetris\main.cpp(296): warning C4244: аргумент: преобразование "int" в "float", возможна потеря данных
c:\users\пылесос\desktop\кп\tetris\tetris\main.cpp(362): warning C4244: аргумент: преобразование "int" в "float", возможна потеря данных
c:\users\пылесос\desktop\кп\tetris\tetris\main.cpp(363): warning C4244: аргумент: преобразование "int" в "float", возможна потеря данных
c:\users\пылесос\desktop\кп\tetris\tetris\main.cpp(364): warning C4244: аргумент: преобразование "int" в "float", возможна потеря данных
c:\users\пылесос\desktop\кп\tetris\tetris\main.cpp(393): warning C4305: =: усечение из "double" в "float"
c:\users\пылесос\desktop\кп\tetris\tetris\main.cpp(401): warning C4305: =: усечение из "double" в "float"
c:\users\пылесос\desktop\кп\tetris\tetris\main.cpp(408): warning C4305: =: усечение из "double" в "float"
  Создание кода
  0 of 209 functions ( 0.0%) were compiled, the rest were copied from previous compilation.
    0 functions were new in current compilation
    0 functions had inline decision re-evaluated but remain unchanged
  Создание кода завершено
  tetris.vcxproj -> C:\Users\Пылесос\Desktop\кп\tetris\Release\tetris.exe
